
*** Running vivado
    with args -log Wrapper.vds -m64 -product Vivado -mode batch -messageDb vivado.pb -notrace -source Wrapper.tcl



****** Vivado v2020.1 (64-bit)
  **** SW Build 2902540 on Wed May 27 19:54:49 MDT 2020
  **** IP Build 2902112 on Wed May 27 22:43:36 MDT 2020
    ** Copyright 1986-2020 Xilinx, Inc. All Rights Reserved.

source Wrapper.tcl -notrace
Command: synth_design -top Wrapper -part xc7a100tcsg324-1
Starting synth_design
Attempting to get a license for feature 'Synthesis' and/or device 'xc7a100t'
INFO: [Common 17-349] Got license for feature 'Synthesis' and/or device 'xc7a100t'
INFO: [Device 21-403] Loading part xc7a100tcsg324-1
INFO: [Synth 8-7079] Multithreading enabled for synth_design using a maximum of 2 processes.
INFO: [Synth 8-7078] Launching helper process for spawning children vivado processes
INFO: [Synth 8-7075] Helper process launched with PID 1424
WARNING: [Synth 8-6901] identifier 'index' is used before its declaration [C:/Users/guoel/OneDrive/Documents/college class stuff/ece350/gitproj/ece350-project/play_sound.v:12]
WARNING: [Synth 8-6901] identifier 'index' is used before its declaration [C:/Users/guoel/OneDrive/Documents/college class stuff/ece350/gitproj/ece350-project/play_sound.v:21]
WARNING: [Synth 8-992] countstatus is already implicitly declared earlier [C:/Users/guoel/OneDrive/Documents/college class stuff/ece350/gitproj/ece350-project/processor.v:133]
WARNING: [Synth 8-6901] identifier 'signal1' is used before its declaration [C:/Users/guoel/OneDrive/Documents/college class stuff/ece350/gitproj/ece350-project/processor.v:78]
WARNING: [Synth 8-6901] identifier 'signal2' is used before its declaration [C:/Users/guoel/OneDrive/Documents/college class stuff/ece350/gitproj/ece350-project/processor.v:79]
---------------------------------------------------------------------------------
Starting RTL Elaboration : Time (s): cpu = 00:00:05 ; elapsed = 00:00:05 . Memory (MB): peak = 1012.973 ; gain = 0.000
---------------------------------------------------------------------------------
INFO: [Synth 8-6157] synthesizing module 'Wrapper' [C:/Users/guoel/OneDrive/Documents/college class stuff/ece350/gitproj/ece350-project/Wrapper.v:27]
	Parameter INSTR_FILE bound to: minutesound - type: string 
	Parameter kHz bound to: 1000 - type: integer 
	Parameter NEWCLK_FREQ bound to: 1000 - type: integer 
	Parameter MHz bound to: 1000000 - type: integer 
	Parameter SYSTEM_FREQ bound to: 100000000 - type: integer 
INFO: [Synth 8-6157] synthesizing module 'processor' [C:/Users/guoel/OneDrive/Documents/college class stuff/ece350/gitproj/ece350-project/processor.v:20]
INFO: [Synth 8-6157] synthesizing module 'reg_32' [C:/Users/guoel/OneDrive/Documents/college class stuff/ece350/gitproj/ece350-project/reg_32.v:1]
INFO: [Synth 8-6157] synthesizing module 'dffe_ref' [C:/Users/guoel/OneDrive/Documents/college class stuff/ece350/gitproj/ece350-project/dffe_ref.v:1]
INFO: [Synth 8-6155] done synthesizing module 'dffe_ref' (1#1) [C:/Users/guoel/OneDrive/Documents/college class stuff/ece350/gitproj/ece350-project/dffe_ref.v:1]
INFO: [Synth 8-6155] done synthesizing module 'reg_32' (2#1) [C:/Users/guoel/OneDrive/Documents/college class stuff/ece350/gitproj/ece350-project/reg_32.v:1]
INFO: [Synth 8-6157] synthesizing module 'FDpipe' [C:/Users/guoel/OneDrive/Documents/college class stuff/ece350/gitproj/ece350-project/FDpipe.v:1]
INFO: [Synth 8-6155] done synthesizing module 'FDpipe' (3#1) [C:/Users/guoel/OneDrive/Documents/college class stuff/ece350/gitproj/ece350-project/FDpipe.v:1]
INFO: [Synth 8-6157] synthesizing module 'mux_4' [C:/Users/guoel/OneDrive/Documents/college class stuff/ece350/gitproj/ece350-project/mux_4.v:1]
INFO: [Synth 8-6157] synthesizing module 'mux_2' [C:/Users/guoel/OneDrive/Documents/college class stuff/ece350/gitproj/ece350-project/mux_2.v:1]
INFO: [Synth 8-6155] done synthesizing module 'mux_2' (4#1) [C:/Users/guoel/OneDrive/Documents/college class stuff/ece350/gitproj/ece350-project/mux_2.v:1]
INFO: [Synth 8-6155] done synthesizing module 'mux_4' (5#1) [C:/Users/guoel/OneDrive/Documents/college class stuff/ece350/gitproj/ece350-project/mux_4.v:1]
INFO: [Synth 8-6157] synthesizing module 'branchcomparator' [C:/Users/guoel/OneDrive/Documents/college class stuff/ece350/gitproj/ece350-project/branchcomparator.v:1]
INFO: [Synth 8-6157] synthesizing module 'cla_32' [C:/Users/guoel/OneDrive/Documents/college class stuff/ece350/gitproj/ece350-project/cla_32.v:1]
INFO: [Synth 8-6157] synthesizing module 'cpgenerate' [C:/Users/guoel/OneDrive/Documents/college class stuff/ece350/gitproj/ece350-project/cpgenerate.v:1]
INFO: [Synth 8-6157] synthesizing module 'cla_slice' [C:/Users/guoel/OneDrive/Documents/college class stuff/ece350/gitproj/ece350-project/cla_slice.v:1]
INFO: [Synth 8-6155] done synthesizing module 'cla_slice' (6#1) [C:/Users/guoel/OneDrive/Documents/college class stuff/ece350/gitproj/ece350-project/cla_slice.v:1]
INFO: [Synth 8-6155] done synthesizing module 'cpgenerate' (7#1) [C:/Users/guoel/OneDrive/Documents/college class stuff/ece350/gitproj/ece350-project/cpgenerate.v:1]
INFO: [Synth 8-6157] synthesizing module 'eight_bit_cla' [C:/Users/guoel/OneDrive/Documents/college class stuff/ece350/gitproj/ece350-project/eight_bit_cla.v:1]
INFO: [Synth 8-6155] done synthesizing module 'eight_bit_cla' (8#1) [C:/Users/guoel/OneDrive/Documents/college class stuff/ece350/gitproj/ece350-project/eight_bit_cla.v:1]
INFO: [Synth 8-6157] synthesizing module 'sum_unit' [C:/Users/guoel/OneDrive/Documents/college class stuff/ece350/gitproj/ece350-project/sum_unit.v:1]
INFO: [Synth 8-6155] done synthesizing module 'sum_unit' (9#1) [C:/Users/guoel/OneDrive/Documents/college class stuff/ece350/gitproj/ece350-project/sum_unit.v:1]
INFO: [Synth 8-6155] done synthesizing module 'cla_32' (10#1) [C:/Users/guoel/OneDrive/Documents/college class stuff/ece350/gitproj/ece350-project/cla_32.v:1]
INFO: [Synth 8-6155] done synthesizing module 'branchcomparator' (11#1) [C:/Users/guoel/OneDrive/Documents/college class stuff/ece350/gitproj/ece350-project/branchcomparator.v:1]
INFO: [Synth 8-6157] synthesizing module 'secondctrl' [C:/Users/guoel/OneDrive/Documents/college class stuff/ece350/gitproj/ece350-project/secondctrl.v:1]
INFO: [Synth 8-6155] done synthesizing module 'secondctrl' (12#1) [C:/Users/guoel/OneDrive/Documents/college class stuff/ece350/gitproj/ece350-project/secondctrl.v:1]
INFO: [Synth 8-6157] synthesizing module 'servooutput' [C:/Users/guoel/OneDrive/Documents/college class stuff/ece350/gitproj/ece350-project/servooutput.v:1]
INFO: [Synth 8-6155] done synthesizing module 'servooutput' (13#1) [C:/Users/guoel/OneDrive/Documents/college class stuff/ece350/gitproj/ece350-project/servooutput.v:1]
INFO: [Synth 8-6157] synthesizing module 'DXpipe' [C:/Users/guoel/OneDrive/Documents/college class stuff/ece350/gitproj/ece350-project/DXpipe.v:1]
INFO: [Synth 8-6155] done synthesizing module 'DXpipe' (14#1) [C:/Users/guoel/OneDrive/Documents/college class stuff/ece350/gitproj/ece350-project/DXpipe.v:1]
INFO: [Synth 8-6157] synthesizing module 'alu' [C:/Users/guoel/OneDrive/Documents/college class stuff/ece350/gitproj/ece350-project/alu.v:1]
INFO: [Synth 8-6157] synthesizing module 'bitwise_not' [C:/Users/guoel/OneDrive/Documents/college class stuff/ece350/gitproj/ece350-project/bitwise_not.v:1]
INFO: [Synth 8-6155] done synthesizing module 'bitwise_not' (15#1) [C:/Users/guoel/OneDrive/Documents/college class stuff/ece350/gitproj/ece350-project/bitwise_not.v:1]
INFO: [Synth 8-6157] synthesizing module 'bitwise_and' [C:/Users/guoel/OneDrive/Documents/college class stuff/ece350/gitproj/ece350-project/bitwise_and.v:1]
INFO: [Synth 8-6155] done synthesizing module 'bitwise_and' (16#1) [C:/Users/guoel/OneDrive/Documents/college class stuff/ece350/gitproj/ece350-project/bitwise_and.v:1]
INFO: [Synth 8-6157] synthesizing module 'bitwise_or' [C:/Users/guoel/OneDrive/Documents/college class stuff/ece350/gitproj/ece350-project/bitwise_or.v:1]
INFO: [Synth 8-6155] done synthesizing module 'bitwise_or' (17#1) [C:/Users/guoel/OneDrive/Documents/college class stuff/ece350/gitproj/ece350-project/bitwise_or.v:1]
INFO: [Synth 8-6157] synthesizing module 'shift_right_arithmic' [C:/Users/guoel/OneDrive/Documents/college class stuff/ece350/gitproj/ece350-project/shift_right_arithmic.v:1]
INFO: [Synth 8-6155] done synthesizing module 'shift_right_arithmic' (18#1) [C:/Users/guoel/OneDrive/Documents/college class stuff/ece350/gitproj/ece350-project/shift_right_arithmic.v:1]
INFO: [Synth 8-6157] synthesizing module 'shift_left_logical' [C:/Users/guoel/OneDrive/Documents/college class stuff/ece350/gitproj/ece350-project/shift_left_logical.v:1]
INFO: [Synth 8-6155] done synthesizing module 'shift_left_logical' (19#1) [C:/Users/guoel/OneDrive/Documents/college class stuff/ece350/gitproj/ece350-project/shift_left_logical.v:1]
INFO: [Synth 8-6157] synthesizing module 'mux_8' [C:/Users/guoel/OneDrive/Documents/college class stuff/ece350/gitproj/ece350-project/mux_8.v:1]
INFO: [Synth 8-6155] done synthesizing module 'mux_8' (20#1) [C:/Users/guoel/OneDrive/Documents/college class stuff/ece350/gitproj/ece350-project/mux_8.v:1]
INFO: [Synth 8-6155] done synthesizing module 'alu' (21#1) [C:/Users/guoel/OneDrive/Documents/college class stuff/ece350/gitproj/ece350-project/alu.v:1]
INFO: [Synth 8-6157] synthesizing module 'multdivctrl' [C:/Users/guoel/OneDrive/Documents/college class stuff/ece350/gitproj/ece350-project/multdivctrl.v:1]
INFO: [Synth 8-6157] synthesizing module 'multdiv' [C:/Users/guoel/OneDrive/Documents/college class stuff/ece350/gitproj/ece350-project/multdiv.v:1]
INFO: [Synth 8-6157] synthesizing module 'multiplier' [C:/Users/guoel/OneDrive/Documents/college class stuff/ece350/gitproj/ece350-project/multiplier.v:1]
INFO: [Synth 8-6157] synthesizing module 'counter' [C:/Users/guoel/OneDrive/Documents/college class stuff/ece350/gitproj/ece350-project/counter.v:1]
INFO: [Synth 8-6155] done synthesizing module 'counter' (22#1) [C:/Users/guoel/OneDrive/Documents/college class stuff/ece350/gitproj/ece350-project/counter.v:1]
INFO: [Synth 8-6157] synthesizing module 'partialProd' [C:/Users/guoel/OneDrive/Documents/college class stuff/ece350/gitproj/ece350-project/partialProd.v:1]
INFO: [Synth 8-6155] done synthesizing module 'partialProd' (23#1) [C:/Users/guoel/OneDrive/Documents/college class stuff/ece350/gitproj/ece350-project/partialProd.v:1]
INFO: [Synth 8-6155] done synthesizing module 'multiplier' (24#1) [C:/Users/guoel/OneDrive/Documents/college class stuff/ece350/gitproj/ece350-project/multiplier.v:1]
INFO: [Synth 8-6157] synthesizing module 'divider' [C:/Users/guoel/OneDrive/Documents/college class stuff/ece350/gitproj/ece350-project/divider.v:1]
INFO: [Synth 8-6157] synthesizing module 'partialQuotient' [C:/Users/guoel/OneDrive/Documents/college class stuff/ece350/gitproj/ece350-project/partialQuotient.v:1]
INFO: [Synth 8-6155] done synthesizing module 'partialQuotient' (25#1) [C:/Users/guoel/OneDrive/Documents/college class stuff/ece350/gitproj/ece350-project/partialQuotient.v:1]
INFO: [Synth 8-6155] done synthesizing module 'divider' (26#1) [C:/Users/guoel/OneDrive/Documents/college class stuff/ece350/gitproj/ece350-project/divider.v:1]
INFO: [Synth 8-6155] done synthesizing module 'multdiv' (27#1) [C:/Users/guoel/OneDrive/Documents/college class stuff/ece350/gitproj/ece350-project/multdiv.v:1]
INFO: [Synth 8-6155] done synthesizing module 'multdivctrl' (28#1) [C:/Users/guoel/OneDrive/Documents/college class stuff/ece350/gitproj/ece350-project/multdivctrl.v:1]
INFO: [Synth 8-6157] synthesizing module 'PWpipe' [C:/Users/guoel/OneDrive/Documents/college class stuff/ece350/gitproj/ece350-project/PWpipe.v:1]
INFO: [Synth 8-6155] done synthesizing module 'PWpipe' (29#1) [C:/Users/guoel/OneDrive/Documents/college class stuff/ece350/gitproj/ece350-project/PWpipe.v:1]
INFO: [Synth 8-6157] synthesizing module 'XMpipe' [C:/Users/guoel/OneDrive/Documents/college class stuff/ece350/gitproj/ece350-project/XMpipe.v:1]
INFO: [Synth 8-6155] done synthesizing module 'XMpipe' (30#1) [C:/Users/guoel/OneDrive/Documents/college class stuff/ece350/gitproj/ece350-project/XMpipe.v:1]
INFO: [Synth 8-6157] synthesizing module 'MWpipe' [C:/Users/guoel/OneDrive/Documents/college class stuff/ece350/gitproj/ece350-project/MWpipe.v:1]
INFO: [Synth 8-6155] done synthesizing module 'MWpipe' (31#1) [C:/Users/guoel/OneDrive/Documents/college class stuff/ece350/gitproj/ece350-project/MWpipe.v:1]
INFO: [Synth 8-6157] synthesizing module 'bypassctrl' [C:/Users/guoel/OneDrive/Documents/college class stuff/ece350/gitproj/ece350-project/bypassctrl.v:1]
INFO: [Synth 8-6157] synthesizing module 'comparator' [C:/Users/guoel/OneDrive/Documents/college class stuff/ece350/gitproj/ece350-project/comparator.v:1]
INFO: [Synth 8-6155] done synthesizing module 'comparator' (32#1) [C:/Users/guoel/OneDrive/Documents/college class stuff/ece350/gitproj/ece350-project/comparator.v:1]
INFO: [Synth 8-6157] synthesizing module 'mux_4_2' [C:/Users/guoel/OneDrive/Documents/college class stuff/ece350/gitproj/ece350-project/mux_4_2.v:1]
INFO: [Synth 8-6157] synthesizing module 'mux_2_2' [C:/Users/guoel/OneDrive/Documents/college class stuff/ece350/gitproj/ece350-project/mux_2_2.v:1]
INFO: [Synth 8-6155] done synthesizing module 'mux_2_2' (33#1) [C:/Users/guoel/OneDrive/Documents/college class stuff/ece350/gitproj/ece350-project/mux_2_2.v:1]
INFO: [Synth 8-6155] done synthesizing module 'mux_4_2' (34#1) [C:/Users/guoel/OneDrive/Documents/college class stuff/ece350/gitproj/ece350-project/mux_4_2.v:1]
INFO: [Synth 8-6155] done synthesizing module 'bypassctrl' (35#1) [C:/Users/guoel/OneDrive/Documents/college class stuff/ece350/gitproj/ece350-project/bypassctrl.v:1]
INFO: [Synth 8-6157] synthesizing module 'branchbypass' [C:/Users/guoel/OneDrive/Documents/college class stuff/ece350/gitproj/ece350-project/branchbypass.v:1]
INFO: [Synth 8-6155] done synthesizing module 'branchbypass' (36#1) [C:/Users/guoel/OneDrive/Documents/college class stuff/ece350/gitproj/ece350-project/branchbypass.v:1]
INFO: [Synth 8-6157] synthesizing module 'stallctrl' [C:/Users/guoel/OneDrive/Documents/college class stuff/ece350/gitproj/ece350-project/stallctrl.v:1]
INFO: [Synth 8-6155] done synthesizing module 'stallctrl' (37#1) [C:/Users/guoel/OneDrive/Documents/college class stuff/ece350/gitproj/ece350-project/stallctrl.v:1]
INFO: [Synth 8-6157] synthesizing module 'nextPC' [C:/Users/guoel/OneDrive/Documents/college class stuff/ece350/gitproj/ece350-project/nextPC.v:1]
INFO: [Synth 8-6155] done synthesizing module 'nextPC' (38#1) [C:/Users/guoel/OneDrive/Documents/college class stuff/ece350/gitproj/ece350-project/nextPC.v:1]
INFO: [Synth 8-6155] done synthesizing module 'processor' (39#1) [C:/Users/guoel/OneDrive/Documents/college class stuff/ece350/gitproj/ece350-project/processor.v:20]
INFO: [Synth 8-6157] synthesizing module 'play_sound' [C:/Users/guoel/OneDrive/Documents/college class stuff/ece350/gitproj/ece350-project/play_sound.v:1]
	Parameter MHz bound to: 1000000 - type: integer 
	Parameter SYSTEM_FREQ bound to: 100000000 - type: integer 
INFO: [Synth 8-3876] $readmem data file 'play_sound.mem' is read successfully [C:/Users/guoel/OneDrive/Documents/college class stuff/ece350/gitproj/ece350-project/play_sound.v:16]
INFO: [Synth 8-6157] synthesizing module 'PWMSerializer' [C:/Users/guoel/OneDrive/Documents/college class stuff/ece350/gitproj/ece350-project/PWMSerializer.v:8]
	Parameter PULSE_FREQ bound to: 1 - type: integer 
	Parameter SYS_FREQ bound to: 100 - type: integer 
	Parameter PULSE_WINDOW bound to: 100 - type: integer 
	Parameter PULSE_HALF bound to: 50 - type: integer 
	Parameter PULSE_BITS bound to: 7 - type: integer 
INFO: [Synth 8-6155] done synthesizing module 'PWMSerializer' (40#1) [C:/Users/guoel/OneDrive/Documents/college class stuff/ece350/gitproj/ece350-project/PWMSerializer.v:8]
INFO: [Synth 8-6155] done synthesizing module 'play_sound' (41#1) [C:/Users/guoel/OneDrive/Documents/college class stuff/ece350/gitproj/ece350-project/play_sound.v:1]
INFO: [Synth 8-6157] synthesizing module 'ROM' [C:/Users/guoel/OneDrive/Documents/college class stuff/ece350/gitproj/ece350-project/ROM.v:2]
	Parameter DATA_WIDTH bound to: 32 - type: integer 
	Parameter ADDRESS_WIDTH bound to: 12 - type: integer 
	Parameter DEPTH bound to: 4096 - type: integer 
	Parameter MEMFILE bound to: 120'b011011010110100101101110011101010111010001100101011100110110111101110101011011100110010000101110011011010110010101101101 
INFO: [Synth 8-3876] $readmem data file 'minutesound.mem' is read successfully [C:/Users/guoel/OneDrive/Documents/college class stuff/ece350/gitproj/ece350-project/ROM.v:13]
INFO: [Synth 8-6155] done synthesizing module 'ROM' (42#1) [C:/Users/guoel/OneDrive/Documents/college class stuff/ece350/gitproj/ece350-project/ROM.v:2]
INFO: [Synth 8-6157] synthesizing module 'regfile' [C:/Users/guoel/OneDrive/Documents/college class stuff/ece350/gitproj/ece350-project/regfile.v:1]
INFO: [Synth 8-6157] synthesizing module 'tristatebuf' [C:/Users/guoel/OneDrive/Documents/college class stuff/ece350/gitproj/ece350-project/tristatebuf.v:1]
INFO: [Synth 8-6155] done synthesizing module 'tristatebuf' (43#1) [C:/Users/guoel/OneDrive/Documents/college class stuff/ece350/gitproj/ece350-project/tristatebuf.v:1]
INFO: [Synth 8-6157] synthesizing module 'decoder' [C:/Users/guoel/OneDrive/Documents/college class stuff/ece350/gitproj/ece350-project/decoder.v:1]
INFO: [Synth 8-6155] done synthesizing module 'decoder' (44#1) [C:/Users/guoel/OneDrive/Documents/college class stuff/ece350/gitproj/ece350-project/decoder.v:1]
INFO: [Synth 8-6155] done synthesizing module 'regfile' (45#1) [C:/Users/guoel/OneDrive/Documents/college class stuff/ece350/gitproj/ece350-project/regfile.v:1]
INFO: [Synth 8-6157] synthesizing module 'RAM' [C:/Users/guoel/OneDrive/Documents/college class stuff/ece350/gitproj/ece350-project/RAM.v:2]
	Parameter DATA_WIDTH bound to: 32 - type: integer 
	Parameter ADDRESS_WIDTH bound to: 12 - type: integer 
	Parameter DEPTH bound to: 4096 - type: integer 
INFO: [Synth 8-6155] done synthesizing module 'RAM' (46#1) [C:/Users/guoel/OneDrive/Documents/college class stuff/ece350/gitproj/ece350-project/RAM.v:2]
INFO: [Synth 8-6155] done synthesizing module 'Wrapper' (47#1) [C:/Users/guoel/OneDrive/Documents/college class stuff/ece350/gitproj/ece350-project/Wrapper.v:27]
---------------------------------------------------------------------------------
Finished RTL Elaboration : Time (s): cpu = 00:00:07 ; elapsed = 00:00:07 . Memory (MB): peak = 1012.973 ; gain = 0.000
---------------------------------------------------------------------------------
---------------------------------------------------------------------------------
Start Handling Custom Attributes
---------------------------------------------------------------------------------
---------------------------------------------------------------------------------
Finished Handling Custom Attributes : Time (s): cpu = 00:00:08 ; elapsed = 00:00:08 . Memory (MB): peak = 1012.973 ; gain = 0.000
---------------------------------------------------------------------------------
---------------------------------------------------------------------------------
Finished RTL Optimization Phase 1 : Time (s): cpu = 00:00:08 ; elapsed = 00:00:08 . Memory (MB): peak = 1012.973 ; gain = 0.000
---------------------------------------------------------------------------------
Netlist sorting complete. Time (s): cpu = 00:00:00 ; elapsed = 00:00:00.389 . Memory (MB): peak = 1012.973 ; gain = 0.000
INFO: [Project 1-570] Preparing netlist for logic optimization

Processing XDC Constraints
Initializing timing engine
Parsing XDC File [C:/Users/guoel/OneDrive/Documents/college class stuff/ece350/gitproj/ece350-project/final_project/final_project.srcs/constrs_1/new/contrs1.xdc]
Finished Parsing XDC File [C:/Users/guoel/OneDrive/Documents/college class stuff/ece350/gitproj/ece350-project/final_project/final_project.srcs/constrs_1/new/contrs1.xdc]
INFO: [Project 1-236] Implementation specific constraints were found while reading constraint file [C:/Users/guoel/OneDrive/Documents/college class stuff/ece350/gitproj/ece350-project/final_project/final_project.srcs/constrs_1/new/contrs1.xdc]. These constraints will be ignored for synthesis but will be used in implementation. Impacted constraints are listed in the file [.Xil/Wrapper_propImpl.xdc].
Resolution: To avoid this warning, move constraints listed in [.Xil/Wrapper_propImpl.xdc] to another XDC file and exclude this new file from synthesis with the used_in_synthesis property (File Properties dialog in GUI) and re-run elaboration/synthesis.
Completed Processing XDC Constraints

Netlist sorting complete. Time (s): cpu = 00:00:00 ; elapsed = 00:00:00.016 . Memory (MB): peak = 1031.422 ; gain = 0.000
INFO: [Project 1-111] Unisim Transformation Summary:
No Unisim elements were transformed.

Constraint Validation Runtime : Time (s): cpu = 00:00:00 ; elapsed = 00:00:00.070 . Memory (MB): peak = 1031.422 ; gain = 0.000
---------------------------------------------------------------------------------
Finished Constraint Validation : Time (s): cpu = 00:00:17 ; elapsed = 00:00:18 . Memory (MB): peak = 1031.422 ; gain = 18.449
---------------------------------------------------------------------------------
---------------------------------------------------------------------------------
Start Loading Part and Timing Information
---------------------------------------------------------------------------------
Loading part: xc7a100tcsg324-1
---------------------------------------------------------------------------------
Finished Loading Part and Timing Information : Time (s): cpu = 00:00:17 ; elapsed = 00:00:18 . Memory (MB): peak = 1031.422 ; gain = 18.449
---------------------------------------------------------------------------------
---------------------------------------------------------------------------------
Start Applying 'set_property' XDC Constraints
---------------------------------------------------------------------------------
---------------------------------------------------------------------------------
Finished applying 'set_property' XDC Constraints : Time (s): cpu = 00:00:17 ; elapsed = 00:00:18 . Memory (MB): peak = 1031.422 ; gain = 18.449
---------------------------------------------------------------------------------
---------------------------------------------------------------------------------
Finished RTL Optimization Phase 2 : Time (s): cpu = 00:00:19 ; elapsed = 00:00:20 . Memory (MB): peak = 1031.422 ; gain = 18.449
---------------------------------------------------------------------------------
---------------------------------------------------------------------------------
Start RTL Component Statistics 
---------------------------------------------------------------------------------
Detailed RTL Component Info : 
+---Adders : 
	   2 Input   32 Bit       Adders := 2     
	   2 Input   10 Bit       Adders := 1     
	   2 Input    7 Bit       Adders := 1     
	   2 Input    3 Bit       Adders := 1     
+---XORs : 
	   2 Input      1 Bit         XORs := 1546  
+---Registers : 
	               32 Bit    Registers := 1     
	               14 Bit    Registers := 1     
	               10 Bit    Registers := 1     
	                7 Bit    Registers := 1     
	                1 Bit    Registers := 1787  
+---RAMs : 
	             128K Bit	(4096 X 32 bit)          RAMs := 1     
+---ROMs : 
	                    ROMs := 1     
+---Muxes : 
	   2 Input   32 Bit        Muxes := 88    
	   7 Input   11 Bit        Muxes := 1     
	   2 Input    7 Bit        Muxes := 1     
	   2 Input    5 Bit        Muxes := 9     
	   2 Input    2 Bit        Muxes := 14    
	   2 Input    1 Bit        Muxes := 7     
---------------------------------------------------------------------------------
Finished RTL Component Statistics 
---------------------------------------------------------------------------------
---------------------------------------------------------------------------------
Start Part Resource Summary
---------------------------------------------------------------------------------
Part Resources:
DSPs: 240 (col length:80)
BRAMs: 270 (col length: RAMB18 80 RAMB36 40)
---------------------------------------------------------------------------------
Finished Part Resource Summary
---------------------------------------------------------------------------------
---------------------------------------------------------------------------------
Start Cross Boundary and Area Optimization
---------------------------------------------------------------------------------
---------------------------------------------------------------------------------
Finished Cross Boundary and Area Optimization : Time (s): cpu = 00:01:09 ; elapsed = 00:01:10 . Memory (MB): peak = 1107.008 ; gain = 94.035
---------------------------------------------------------------------------------
---------------------------------------------------------------------------------
Start ROM, RAM, DSP and Shift Register Reporting
---------------------------------------------------------------------------------

ROM: Preliminary Mapping	Report
+------------+---------------------+---------------+----------------+
|Module Name | RTL Object          | Depth x Width | Implemented As | 
+------------+---------------------+---------------+----------------+
|Wrapper     | InstMem/dataOut_reg | 4096x14       | Block RAM      | 
+------------+---------------------+---------------+----------------+


Block RAM: Preliminary Mapping	Report (see note below)
+------------+-------------------------+------------------------+---+---+------------------------+---+---+------------------+--------+--------+
|Module Name | RTL Object              | PORT A (Depth x Width) | W | R | PORT B (Depth x Width) | W | R | Ports driving FF | RAMB18 | RAMB36 | 
+------------+-------------------------+------------------------+---+---+------------------------+---+---+------------------+--------+--------+
|Wrapper     | ProcMem/MemoryArray_reg | 4 K x 32(NO_CHANGE)    | W | R |                        |   |   | Port A           | 0      | 4      | 
+------------+-------------------------+------------------------+---+---+------------------------+---+---+------------------+--------+--------+

Note: The table above is a preliminary report that shows the Block RAMs at the current stage of the synthesis flow. Some Block RAMs may be reimplemented as non Block RAM primitives later in the synthesis flow. Multiple instantiated Block RAMs are reported only once. 
---------------------------------------------------------------------------------
Finished ROM, RAM, DSP and Shift Register Reporting
---------------------------------------------------------------------------------
---------------------------------------------------------------------------------
Start Applying XDC Timing Constraints
---------------------------------------------------------------------------------
---------------------------------------------------------------------------------
Finished Applying XDC Timing Constraints : Time (s): cpu = 00:01:17 ; elapsed = 00:01:18 . Memory (MB): peak = 1107.008 ; gain = 94.035
---------------------------------------------------------------------------------
---------------------------------------------------------------------------------
Start Timing Optimization
---------------------------------------------------------------------------------
---------------------------------------------------------------------------------
Finished Timing Optimization : Time (s): cpu = 00:01:20 ; elapsed = 00:01:21 . Memory (MB): peak = 1107.008 ; gain = 94.035
---------------------------------------------------------------------------------
---------------------------------------------------------------------------------
Start ROM, RAM, DSP and Shift Register Reporting
---------------------------------------------------------------------------------

Block RAM: Final Mapping	Report
+------------+-------------------------+------------------------+---+---+------------------------+---+---+------------------+--------+--------+
|Module Name | RTL Object              | PORT A (Depth x Width) | W | R | PORT B (Depth x Width) | W | R | Ports driving FF | RAMB18 | RAMB36 | 
+------------+-------------------------+------------------------+---+---+------------------------+---+---+------------------+--------+--------+
|Wrapper     | ProcMem/MemoryArray_reg | 4 K x 32(NO_CHANGE)    | W | R |                        |   |   | Port A           | 0      | 4      | 
+------------+-------------------------+------------------------+---+---+------------------------+---+---+------------------+--------+--------+

---------------------------------------------------------------------------------
Finished ROM, RAM, DSP and Shift Register Reporting
---------------------------------------------------------------------------------
---------------------------------------------------------------------------------
Start Technology Mapping
---------------------------------------------------------------------------------
INFO: [Synth 8-7052] The timing for the instance InstMem/dataOut_reg_0 (implemented as a Block RAM) might be sub-optimal as no optional output register could be merged into the ram block. Providing additional output register may help in improving timing.
INFO: [Synth 8-7052] The timing for the instance InstMem/dataOut_reg_1 (implemented as a Block RAM) might be sub-optimal as no optional output register could be merged into the ram block. Providing additional output register may help in improving timing.
---------------------------------------------------------------------------------
Finished Technology Mapping : Time (s): cpu = 00:01:25 ; elapsed = 00:01:27 . Memory (MB): peak = 1120.750 ; gain = 107.777
---------------------------------------------------------------------------------
---------------------------------------------------------------------------------
Start IO Insertion
---------------------------------------------------------------------------------
---------------------------------------------------------------------------------
Start Flattening Before IO Insertion
---------------------------------------------------------------------------------
---------------------------------------------------------------------------------
Finished Flattening Before IO Insertion
---------------------------------------------------------------------------------
---------------------------------------------------------------------------------
Start Final Netlist Cleanup
---------------------------------------------------------------------------------
---------------------------------------------------------------------------------
Finished Final Netlist Cleanup
---------------------------------------------------------------------------------
---------------------------------------------------------------------------------
Finished IO Insertion : Time (s): cpu = 00:01:30 ; elapsed = 00:01:31 . Memory (MB): peak = 1127.070 ; gain = 114.098
---------------------------------------------------------------------------------
---------------------------------------------------------------------------------
Start Renaming Generated Instances
---------------------------------------------------------------------------------
---------------------------------------------------------------------------------
Finished Renaming Generated Instances : Time (s): cpu = 00:01:30 ; elapsed = 00:01:31 . Memory (MB): peak = 1127.070 ; gain = 114.098
---------------------------------------------------------------------------------
---------------------------------------------------------------------------------
Start Rebuilding User Hierarchy
---------------------------------------------------------------------------------
---------------------------------------------------------------------------------
Finished Rebuilding User Hierarchy : Time (s): cpu = 00:01:30 ; elapsed = 00:01:31 . Memory (MB): peak = 1127.070 ; gain = 114.098
---------------------------------------------------------------------------------
---------------------------------------------------------------------------------
Start Renaming Generated Ports
---------------------------------------------------------------------------------
---------------------------------------------------------------------------------
Finished Renaming Generated Ports : Time (s): cpu = 00:01:30 ; elapsed = 00:01:31 . Memory (MB): peak = 1127.070 ; gain = 114.098
---------------------------------------------------------------------------------
---------------------------------------------------------------------------------
Start Handling Custom Attributes
---------------------------------------------------------------------------------
---------------------------------------------------------------------------------
Finished Handling Custom Attributes : Time (s): cpu = 00:01:30 ; elapsed = 00:01:31 . Memory (MB): peak = 1127.227 ; gain = 114.254
---------------------------------------------------------------------------------
---------------------------------------------------------------------------------
Start Renaming Generated Nets
---------------------------------------------------------------------------------
---------------------------------------------------------------------------------
Finished Renaming Generated Nets : Time (s): cpu = 00:01:30 ; elapsed = 00:01:31 . Memory (MB): peak = 1127.227 ; gain = 114.254
---------------------------------------------------------------------------------
---------------------------------------------------------------------------------
Start Writing Synthesis Report
---------------------------------------------------------------------------------

Report BlackBoxes: 
+-+--------------+----------+
| |BlackBox name |Instances |
+-+--------------+----------+
+-+--------------+----------+

Report Cell Usage: 
+------+---------+------+
|      |Cell     |Count |
+------+---------+------+
|1     |BUFG     |     2|
|2     |CARRY4   |   129|
|3     |LUT1     |   105|
|4     |LUT2     |   453|
|5     |LUT3     |   274|
|6     |LUT4     |   361|
|7     |LUT5     |   314|
|8     |LUT6     |   527|
|9     |MUXF7    |     8|
|10    |RAMB36E1 |     2|
|12    |FDCE     |   558|
|13    |FDRE     |   181|
|14    |IBUF     |     4|
|15    |OBUF     |     9|
+------+---------+------+
---------------------------------------------------------------------------------
Finished Writing Synthesis Report : Time (s): cpu = 00:01:30 ; elapsed = 00:01:31 . Memory (MB): peak = 1127.227 ; gain = 114.254
---------------------------------------------------------------------------------
Synthesis finished with 0 errors, 0 critical warnings and 0 warnings.
Synthesis Optimization Runtime : Time (s): cpu = 00:01:17 ; elapsed = 00:01:26 . Memory (MB): peak = 1127.227 ; gain = 95.805
Synthesis Optimization Complete : Time (s): cpu = 00:01:30 ; elapsed = 00:01:31 . Memory (MB): peak = 1127.227 ; gain = 114.254
INFO: [Project 1-571] Translating synthesized netlist
Netlist sorting complete. Time (s): cpu = 00:00:00 ; elapsed = 00:00:00.096 . Memory (MB): peak = 1127.227 ; gain = 0.000
INFO: [Netlist 29-17] Analyzing 139 Unisim elements for replacement
INFO: [Netlist 29-28] Unisim Transformation completed in 0 CPU seconds
INFO: [Project 1-570] Preparing netlist for logic optimization
INFO: [Opt 31-138] Pushed 1 inverter(s) to 2 load pin(s).
Netlist sorting complete. Time (s): cpu = 00:00:00 ; elapsed = 00:00:00.002 . Memory (MB): peak = 1127.227 ; gain = 0.000
INFO: [Project 1-111] Unisim Transformation Summary:
No Unisim elements were transformed.

INFO: [Common 17-83] Releasing license: Synthesis
113 Infos, 5 Warnings, 0 Critical Warnings and 0 Errors encountered.
synth_design completed successfully
synth_design: Time (s): cpu = 00:01:37 ; elapsed = 00:01:40 . Memory (MB): peak = 1127.227 ; gain = 114.254
INFO: [Common 17-1381] The checkpoint 'C:/Users/guoel/OneDrive/Documents/college class stuff/ece350/gitproj/ece350-project/final_project/final_project.runs/synth_1/Wrapper.dcp' has been generated.
INFO: [runtcl-4] Executing : report_utilization -file Wrapper_utilization_synth.rpt -pb Wrapper_utilization_synth.pb
INFO: [Common 17-206] Exiting Vivado at Thu Apr 22 20:12:10 2021...
